<?xml version="1.0" encoding="UTF-8"?>
<!-- Generated by org.testng.reporters.JUnitReportReporter -->
<testsuite hostname="NIMMALA" failures="0" tests="5" name="Ecommerce.restAssured.testSet.TS_EcommerceE2ETest" time="3.211" errors="0" timestamp="2025-02-10T01:27:55 IST" skipped="0">
  <testcase classname="Ecommerce.restAssured.testSet.TS_EcommerceE2ETest" name="TC01_loginResponce" time="2.490"/>
  <testcase classname="Ecommerce.restAssured.testSet.TS_EcommerceE2ETest" name="TC03_createOrder" time="0.144"/>
  <testcase classname="Ecommerce.restAssured.testSet.TS_EcommerceE2ETest" name="TC05_deleteOrder" time="0.124"/>
  <testcase classname="Ecommerce.restAssured.testSet.TS_EcommerceE2ETest" name="TC04_getOrderDetails" time="0.143"/>
  <testcase classname="Ecommerce.restAssured.testSet.TS_EcommerceE2ETest" name="TC02_createProduct" time="0.310"/>
</testsuite> <!-- Ecommerce.restAssured.testSet.TS_EcommerceE2ETest -->
