<?xml version="1.0" encoding="UTF-8"?>
<!-- Generated by org.testng.reporters.JUnitReportReporter -->
<testsuite hostname="NIMMALA" failures="0" tests="1" name="Ecommerce.restAssured.testSet.TS_EcommerceE2ETest" time="1.607" errors="0" timestamp="2025-02-09T19:59:48 IST" skipped="0">
  <testcase classname="Ecommerce.restAssured.testSet.TS_EcommerceE2ETest" name="TC01_loginResponce" time="1.607"/>
</testsuite> <!-- Ecommerce.restAssured.testSet.TS_EcommerceE2ETest -->
